<?xml version="1.0" encoding="UTF-8" standalone="yes"?>
<testsuites time="72.236" tests="2" failures="1" errors="1">
    <testsuite name="GraphWalker" tests="2" failures="1" errors="1" time="72.236" timestamp="2018-06-27T18:33:31">
        <properties>
[...]
</properties>
        <testcase name="Fenergo" time="36.118" classname="com.company.modelimplementations.Fenergo">
            <failure type="Not fulfilled" message="10"/>
        </testcase>
        <testcase name="EnterEntityDetails" time="36.118" classname="com.company.modelimplementations.EnterEntityDetails">
            <error type="org.openqa.selenium.InvalidElementStateException" message="invalid element state: Element is not currently interactable and may not be manipulated&#xA;  (Session info: chrome=67.0.3396.99)&#xA;  (Driver info: chromedriver=2.40.565498 (ea082db3280dd6843ebfb08a625e3eb905c4f5ab),platform=Windows NT 10.0.14393 x86_64) (WARNING: The server did not provide any stacktrace information)&#xA;Command duration or timeout: 0 milliseconds&#xA;Build info: version: '3.8.1', revision: '6e95a6684b', time: '2017-12-01T18:33:54.468Z'&#xA;System info: host: 'FEN-LAP-180', ip: '10.0.75.1', os.name: 'Windows 10', os.arch: 'amd64', os.version: '10.0', java.version: '1.8.0_144'&#xA;Driver info: org.openqa.selenium.chrome.ChromeDriver&#xA;Capabilities {acceptInsecureCerts: false, acceptSslCerts: false, applicationCacheEnabled: false, browserConnectionEnabled: false, browserName: chrome, chrome: {chromedriverVersion: 2.40.565498 (ea082db3280dd6..., userDataDir: C:\Users\smurtagh\AppData\L...}, cssSelectorsEnabled: true, databaseEnabled: false, handlesAlerts: true, hasTouchScreen: false, javascriptEnabled: true, locationContextEnabled: true, mobileEmulationEnabled: false, nativeEvents: true, networkConnectionEnabled: false, pageLoadStrategy: normal, platform: XP, platformName: XP, rotatable: false, setWindowRect: true, takesHeapSnapshot: true, takesScreenshot: true, unexpectedAlertBehaviour: , unhandledPromptBehavior: , version: 67.0.3396.99, webStorageEnabled: true}&#xA;Session ID: c7e0036e7ec19539ff982cfb3d083171">
                org.openqa.selenium.InvalidElementStateException: invalid element state: Element is not currently interactable and may not be manipulated
                  (Session info: chrome=67.0.3396.99)
                  (Driver info: chromedriver=2.40.565498 (ea082db3280dd6843ebfb08a625e3eb905c4f5ab),platform=Windows NT 10.0.14393 x86_64) (WARNING: The server did not provide any stacktrace information)
                Command duration or timeout: 0 milliseconds
                Build info: version: '3.8.1', revision: '6e95a6684b', time: '2017-12-01T18:33:54.468Z'
                System info: host: 'FEN-LAP-180', ip: '10.0.75.1', os.name: 'Windows 10', os.arch: 'amd64', os.version: '10.0', java.version: '1.8.0_144'
                Driver info: org.openqa.selenium.chrome.ChromeDriver
                Capabilities {acceptInsecureCerts: false, acceptSslCerts: false, applicationCacheEnabled: false, browserConnectionEnabled: false, browserName: chrome, chrome: {chromedriverVersion: 2.40.565498 (ea082db3280dd6..., userDataDir: C:\Users\smurtagh\AppData\L...}, cssSelectorsEnabled: true, databaseEnabled: false, handlesAlerts: true, hasTouchScreen: false, javascriptEnabled: true, locationContextEnabled: true, mobileEmulationEnabled: false, nativeEvents: true, networkConnectionEnabled: false, pageLoadStrategy: normal, platform: XP, platformName: XP, rotatable: false, setWindowRect: true, takesHeapSnapshot: true, takesScreenshot: true, unexpectedAlertBehaviour: , unhandledPromptBehavior: , version: 67.0.3396.99, webStorageEnabled: true}
                Session ID: c7e0036e7ec19539ff982cfb3d083171&#xD;
                	at sun.reflect.NativeConstructorAccessorImpl.newInstance0(Native Method)&#xD;
                	at sun.reflect.NativeConstructorAccessorImpl.newInstance(NativeConstructorAccessorImpl.java:62)&#xD;
                	at sun.reflect.DelegatingConstructorAccessorImpl.newInstance(DelegatingConstructorAccessorImpl.java:45)&#xD;
                	at java.lang.reflect.Constructor.newInstance(Constructor.java:423)&#xD;
                	at org.openqa.selenium.remote.ErrorHandler.createThrowable(ErrorHandler.java:214)&#xD;
                	at org.openqa.selenium.remote.ErrorHandler.throwIfResponseFailed(ErrorHandler.java:166)&#xD;
                	at org.openqa.selenium.remote.http.JsonHttpResponseCodec.reconstructValue(JsonHttpResponseCodec.java:40)&#xD;
                	at org.openqa.selenium.remote.http.AbstractHttpResponseCodec.decode(AbstractHttpResponseCodec.java:80)&#xD;
                	at org.openqa.selenium.remote.http.AbstractHttpResponseCodec.decode(AbstractHttpResponseCodec.java:44)&#xD;
                	at org.openqa.selenium.remote.HttpCommandExecutor.execute(HttpCommandExecutor.java:164)&#xD;
                	at org.openqa.selenium.remote.service.DriverCommandExecutor.execute(DriverCommandExecutor.java:83)&#xD;
                	at org.openqa.selenium.remote.RemoteWebDriver.execute(RemoteWebDriver.java:601)&#xD;
                	at org.openqa.selenium.remote.RemoteWebElement.execute(RemoteWebElement.java:279)&#xD;
                	at org.openqa.selenium.remote.RemoteWebElement.clear(RemoteWebElement.java:118)&#xD;
                	at com.company.modelimplementations.EnterEntityDetails.e_IncorrectData(EnterEntityDetails.java:73)&#xD;
                	at jdk.nashorn.internal.scripts.Script$Recompilation$31$259$\^eval\_.e_IncorrectData(&lt;eval&gt;:1)&#xD;
                	at jdk.nashorn.internal.scripts.Script$30$\^eval\_.:program(&lt;eval&gt;:1)&#xD;
                	at jdk.nashorn.internal.runtime.ScriptFunctionData.invoke(ScriptFunctionData.java:637)&#xD;
                	at jdk.nashorn.internal.runtime.ScriptFunction.invoke(ScriptFunction.java:494)&#xD;
                	at jdk.nashorn.internal.runtime.ScriptRuntime.apply(ScriptRuntime.java:393)&#xD;
                	at jdk.nashorn.api.scripting.NashornScriptEngine.evalImpl(NashornScriptEngine.java:449)&#xD;
                	at jdk.nashorn.api.scripting.NashornScriptEngine.evalImpl(NashornScriptEngine.java:406)&#xD;
                	at jdk.nashorn.api.scripting.NashornScriptEngine.evalImpl(NashornScriptEngine.java:402)&#xD;
                	at jdk.nashorn.api.scripting.NashornScriptEngine.eval(NashornScriptEngine.java:155)&#xD;
                	at javax.script.AbstractScriptEngine.eval(AbstractScriptEngine.java:264)&#xD;
                	at org.graphwalker.core.machine.ExecutionContext.execute(ExecutionContext.java:286)&#xD;
                	at org.graphwalker.core.machine.SimpleMachine.execute(SimpleMachine.java:281)&#xD;
                	at org.graphwalker.core.machine.SimpleMachine.execute(SimpleMachine.java:270)&#xD;
                	at org.graphwalker.core.machine.SimpleMachine.getNextStep(SimpleMachine.java:100)&#xD;
                	at org.graphwalker.java.test.TestExecutor.execute(TestExecutor.java:219)&#xD;
                	at sun.reflect.NativeMethodAccessorImpl.invoke0(Native Method)&#xD;
                	at sun.reflect.NativeMethodAccessorImpl.invoke(NativeMethodAccessorImpl.java:62)&#xD;
                	at sun.reflect.DelegatingMethodAccessorImpl.invoke(DelegatingMethodAccessorImpl.java:43)&#xD;
                	at java.lang.reflect.Method.invoke(Method.java:498)&#xD;
                	at org.graphwalker.java.test.Reflections.invoke(Reflections.java:73)&#xD;
                	at org.graphwalker.java.test.Reflector.execute(Reflector.java:123)&#xD;
                	at org.graphwalker.maven.plugin.TestMojo.execute(TestMojo.java:161)&#xD;
                	at org.apache.maven.plugin.DefaultBuildPluginManager.executeMojo(DefaultBuildPluginManager.java:137)&#xD;
                	at org.apache.maven.lifecycle.internal.MojoExecutor.execute(MojoExecutor.java:208)&#xD;
                	at org.apache.maven.lifecycle.internal.MojoExecutor.execute(MojoExecutor.java:154)&#xD;
                	at org.apache.maven.lifecycle.internal.MojoExecutor.execute(MojoExecutor.java:146)&#xD;
                	at org.apache.maven.lifecycle.internal.LifecycleModuleBuilder.buildProject(LifecycleModuleBuilder.java:117)&#xD;
                	at org.apache.maven.lifecycle.internal.LifecycleModuleBuilder.buildProject(LifecycleModuleBuilder.java:81)&#xD;
                	at org.apache.maven.lifecycle.internal.builder.singlethreaded.SingleThreadedBuilder.build(SingleThreadedBuilder.java:56)&#xD;
                	at org.apache.maven.lifecycle.internal.LifecycleStarter.execute(LifecycleStarter.java:128)&#xD;
                	at org.apache.maven.DefaultMaven.doExecute(DefaultMaven.java:305)&#xD;
                	at org.apache.maven.DefaultMaven.doExecute(DefaultMaven.java:192)&#xD;
                	at org.apache.maven.DefaultMaven.execute(DefaultMaven.java:105)&#xD;
                	at org.apache.maven.cli.MavenCli.execute(MavenCli.java:954)&#xD;
                	at org.apache.maven.cli.MavenCli.doMain(MavenCli.java:288)&#xD;
                	at org.apache.maven.cli.MavenCli.main(MavenCli.java:192)&#xD;
                	at sun.reflect.NativeMethodAccessorImpl.invoke0(Native Method)&#xD;
                	at sun.reflect.NativeMethodAccessorImpl.invoke(NativeMethodAccessorImpl.java:62)&#xD;
                	at sun.reflect.DelegatingMethodAccessorImpl.invoke(DelegatingMethodAccessorImpl.java:43)&#xD;
                	at java.lang.reflect.Method.invoke(Method.java:498)&#xD;
                	at org.codehaus.plexus.classworlds.launcher.Launcher.launchEnhanced(Launcher.java:289)&#xD;
                	at org.codehaus.plexus.classworlds.launcher.Launcher.launch(Launcher.java:229)&#xD;
                	at org.codehaus.plexus.classworlds.launcher.Launcher.mainWithExitCode(Launcher.java:415)&#xD;
                	at org.codehaus.plexus.classworlds.launcher.Launcher.main(Launcher.java:356)&#xD;
</error>
        </testcase>
    </testsuite>
</testsuites>
