<?xml version="1.0" encoding="UTF-8" standalone="yes"?>
<testsuites time="3142.596" tests="4" failures="3" errors="1">
    <testsuite name="GraphWalker" tests="4" failures="3" errors="1" time="3142.596" timestamp="2018-06-28T13:19:43">
        <properties>
[...]
</properties>
        <testcase name="EntitySearch" time="785.649" classname="com.company.modelimplementations.EntitySearch">
            <failure type="Not fulfilled" message="10"/>
        </testcase>
        <testcase name="Fenergo" time="785.649" classname="com.company.modelimplementations.Fenergo">
            <error type="org.openqa.selenium.WebDriverException" message="chrome not reachable&#xA;  (Session info: chrome=67.0.3396.87)&#xA;  (Driver info: chromedriver=2.40.565498 (ea082db3280dd6843ebfb08a625e3eb905c4f5ab),platform=Windows NT 10.0.17134 x86_64) (WARNING: The server did not provide any stacktrace information)&#xA;Command duration or timeout: 0 milliseconds&#xA;Build info: version: '3.8.1', revision: '6e95a6684b', time: '2017-12-01T18:33:54.468Z'&#xA;System info: host: 'FEN-LAP-642', ip: '10.0.75.1', os.name: 'Windows 10', os.arch: 'amd64', os.version: '10.0', java.version: '1.8.0_171'&#xA;Driver info: org.openqa.selenium.chrome.ChromeDriver&#xA;Capabilities {acceptInsecureCerts: false, acceptSslCerts: false, applicationCacheEnabled: false, browserConnectionEnabled: false, browserName: chrome, chrome: {chromedriverVersion: 2.40.565498 (ea082db3280dd6..., userDataDir: C:\Users\MDunne\AppData\Loc...}, cssSelectorsEnabled: true, databaseEnabled: false, handlesAlerts: true, hasTouchScreen: false, javascriptEnabled: true, locationContextEnabled: true, mobileEmulationEnabled: false, nativeEvents: true, networkConnectionEnabled: false, pageLoadStrategy: normal, platform: XP, platformName: XP, rotatable: false, setWindowRect: true, takesHeapSnapshot: true, takesScreenshot: true, unexpectedAlertBehaviour: , unhandledPromptBehavior: , version: 67.0.3396.87, webStorageEnabled: true}&#xA;Session ID: b90d231cf4469e3d7c5bcc8877499991&#xA;*** Element info: {Using=xpath, value=//a[@title='Legal Entity']}">
                org.openqa.selenium.WebDriverException: chrome not reachable
                  (Session info: chrome=67.0.3396.87)
                  (Driver info: chromedriver=2.40.565498 (ea082db3280dd6843ebfb08a625e3eb905c4f5ab),platform=Windows NT 10.0.17134 x86_64) (WARNING: The server did not provide any stacktrace information)
                Command duration or timeout: 0 milliseconds
                Build info: version: '3.8.1', revision: '6e95a6684b', time: '2017-12-01T18:33:54.468Z'
                System info: host: 'FEN-LAP-642', ip: '10.0.75.1', os.name: 'Windows 10', os.arch: 'amd64', os.version: '10.0', java.version: '1.8.0_171'
                Driver info: org.openqa.selenium.chrome.ChromeDriver
                Capabilities {acceptInsecureCerts: false, acceptSslCerts: false, applicationCacheEnabled: false, browserConnectionEnabled: false, browserName: chrome, chrome: {chromedriverVersion: 2.40.565498 (ea082db3280dd6..., userDataDir: C:\Users\MDunne\AppData\Loc...}, cssSelectorsEnabled: true, databaseEnabled: false, handlesAlerts: true, hasTouchScreen: false, javascriptEnabled: true, locationContextEnabled: true, mobileEmulationEnabled: false, nativeEvents: true, networkConnectionEnabled: false, pageLoadStrategy: normal, platform: XP, platformName: XP, rotatable: false, setWindowRect: true, takesHeapSnapshot: true, takesScreenshot: true, unexpectedAlertBehaviour: , unhandledPromptBehavior: , version: 67.0.3396.87, webStorageEnabled: true}
                Session ID: b90d231cf4469e3d7c5bcc8877499991
                *** Element info: {Using=xpath, value=//a[@title='Legal Entity']}&#xD;
                	at sun.reflect.NativeConstructorAccessorImpl.newInstance0(Native Method)&#xD;
                	at sun.reflect.NativeConstructorAccessorImpl.newInstance(NativeConstructorAccessorImpl.java:62)&#xD;
                	at sun.reflect.DelegatingConstructorAccessorImpl.newInstance(DelegatingConstructorAccessorImpl.java:45)&#xD;
                	at java.lang.reflect.Constructor.newInstance(Constructor.java:423)&#xD;
                	at org.openqa.selenium.remote.ErrorHandler.createThrowable(ErrorHandler.java:214)&#xD;
                	at org.openqa.selenium.remote.ErrorHandler.throwIfResponseFailed(ErrorHandler.java:166)&#xD;
                	at org.openqa.selenium.remote.http.JsonHttpResponseCodec.reconstructValue(JsonHttpResponseCodec.java:40)&#xD;
                	at org.openqa.selenium.remote.http.AbstractHttpResponseCodec.decode(AbstractHttpResponseCodec.java:80)&#xD;
                	at org.openqa.selenium.remote.http.AbstractHttpResponseCodec.decode(AbstractHttpResponseCodec.java:44)&#xD;
                	at org.openqa.selenium.remote.HttpCommandExecutor.execute(HttpCommandExecutor.java:164)&#xD;
                	at org.openqa.selenium.remote.service.DriverCommandExecutor.execute(DriverCommandExecutor.java:83)&#xD;
                	at org.openqa.selenium.remote.RemoteWebDriver.execute(RemoteWebDriver.java:601)&#xD;
                	at org.openqa.selenium.remote.RemoteWebDriver.findElements(RemoteWebDriver.java:398)&#xD;
                	at org.openqa.selenium.remote.RemoteWebDriver.findElementsByXPath(RemoteWebDriver.java:477)&#xD;
                	at org.openqa.selenium.By$ByXPath.findElements(By.java:356)&#xD;
                	at org.openqa.selenium.remote.RemoteWebDriver.findElements(RemoteWebDriver.java:359)&#xD;
                	at org.openqa.selenium.support.ui.ExpectedConditions.findElement(ExpectedConditions.java:881)&#xD;
                	at org.openqa.selenium.support.ui.ExpectedConditions.access$000(ExpectedConditions.java:43)&#xD;
                	at org.openqa.selenium.support.ui.ExpectedConditions$7.apply(ExpectedConditions.java:205)&#xD;
                	at org.openqa.selenium.support.ui.ExpectedConditions$7.apply(ExpectedConditions.java:201)&#xD;
                	at org.openqa.selenium.support.ui.ExpectedConditions$22.apply(ExpectedConditions.java:643)&#xD;
                	at org.openqa.selenium.support.ui.ExpectedConditions$22.apply(ExpectedConditions.java:640)&#xD;
                	at org.openqa.selenium.support.ui.FluentWait.until(FluentWait.java:208)&#xD;
                	at com.company.modelimplementations.Fenergo.e_EntitySearchPage(Fenergo.java:49)&#xD;
                	at jdk.nashorn.internal.scripts.Script$Recompilation$27$116$\^eval\_.e_EntitySearchPage(&lt;eval&gt;:1)&#xD;
                	at jdk.nashorn.internal.scripts.Script$26$\^eval\_.:program(&lt;eval&gt;:1)&#xD;
                	at jdk.nashorn.internal.runtime.ScriptFunctionData.invoke(ScriptFunctionData.java:637)&#xD;
                	at jdk.nashorn.internal.runtime.ScriptFunction.invoke(ScriptFunction.java:494)&#xD;
                	at jdk.nashorn.internal.runtime.ScriptRuntime.apply(ScriptRuntime.java:393)&#xD;
                	at jdk.nashorn.api.scripting.NashornScriptEngine.evalImpl(NashornScriptEngine.java:449)&#xD;
                	at jdk.nashorn.api.scripting.NashornScriptEngine.evalImpl(NashornScriptEngine.java:406)&#xD;
                	at jdk.nashorn.api.scripting.NashornScriptEngine.evalImpl(NashornScriptEngine.java:402)&#xD;
                	at jdk.nashorn.api.scripting.NashornScriptEngine.eval(NashornScriptEngine.java:155)&#xD;
                	at javax.script.AbstractScriptEngine.eval(AbstractScriptEngine.java:264)&#xD;
                	at org.graphwalker.core.machine.ExecutionContext.execute(ExecutionContext.java:286)&#xD;
                	at org.graphwalker.core.machine.SimpleMachine.execute(SimpleMachine.java:281)&#xD;
                	at org.graphwalker.core.machine.SimpleMachine.execute(SimpleMachine.java:270)&#xD;
                	at org.graphwalker.core.machine.SimpleMachine.getNextStep(SimpleMachine.java:100)&#xD;
                	at org.graphwalker.java.test.TestExecutor.execute(TestExecutor.java:219)&#xD;
                	at sun.reflect.NativeMethodAccessorImpl.invoke0(Native Method)&#xD;
                	at sun.reflect.NativeMethodAccessorImpl.invoke(NativeMethodAccessorImpl.java:62)&#xD;
                	at sun.reflect.DelegatingMethodAccessorImpl.invoke(DelegatingMethodAccessorImpl.java:43)&#xD;
                	at java.lang.reflect.Method.invoke(Method.java:498)&#xD;
                	at org.graphwalker.java.test.Reflections.invoke(Reflections.java:73)&#xD;
                	at org.graphwalker.java.test.Reflector.execute(Reflector.java:123)&#xD;
                	at org.graphwalker.maven.plugin.TestMojo.execute(TestMojo.java:161)&#xD;
                	at org.apache.maven.plugin.DefaultBuildPluginManager.executeMojo(DefaultBuildPluginManager.java:137)&#xD;
                	at org.apache.maven.lifecycle.internal.MojoExecutor.execute(MojoExecutor.java:208)&#xD;
                	at org.apache.maven.lifecycle.internal.MojoExecutor.execute(MojoExecutor.java:154)&#xD;
                	at org.apache.maven.lifecycle.internal.MojoExecutor.execute(MojoExecutor.java:146)&#xD;
                	at org.apache.maven.lifecycle.internal.LifecycleModuleBuilder.buildProject(LifecycleModuleBuilder.java:117)&#xD;
                	at org.apache.maven.lifecycle.internal.LifecycleModuleBuilder.buildProject(LifecycleModuleBuilder.java:81)&#xD;
                	at org.apache.maven.lifecycle.internal.builder.singlethreaded.SingleThreadedBuilder.build(SingleThreadedBuilder.java:56)&#xD;
                	at org.apache.maven.lifecycle.internal.LifecycleStarter.execute(LifecycleStarter.java:128)&#xD;
                	at org.apache.maven.DefaultMaven.doExecute(DefaultMaven.java:305)&#xD;
                	at org.apache.maven.DefaultMaven.doExecute(DefaultMaven.java:192)&#xD;
                	at org.apache.maven.DefaultMaven.execute(DefaultMaven.java:105)&#xD;
                	at org.apache.maven.cli.MavenCli.execute(MavenCli.java:956)&#xD;
                	at org.apache.maven.cli.MavenCli.doMain(MavenCli.java:290)&#xD;
                	at org.apache.maven.cli.MavenCli.main(MavenCli.java:194)&#xD;
                	at sun.reflect.NativeMethodAccessorImpl.invoke0(Native Method)&#xD;
                	at sun.reflect.NativeMethodAccessorImpl.invoke(NativeMethodAccessorImpl.java:62)&#xD;
                	at sun.reflect.DelegatingMethodAccessorImpl.invoke(DelegatingMethodAccessorImpl.java:43)&#xD;
                	at java.lang.reflect.Method.invoke(Method.java:498)&#xD;
                	at org.codehaus.plexus.classworlds.launcher.Launcher.launchEnhanced(Launcher.java:289)&#xD;
                	at org.codehaus.plexus.classworlds.launcher.Launcher.launch(Launcher.java:229)&#xD;
                	at org.codehaus.plexus.classworlds.launcher.Launcher.mainWithExitCode(Launcher.java:415)&#xD;
                	at org.codehaus.plexus.classworlds.launcher.Launcher.main(Launcher.java:356)&#xD;
</error>
        </testcase>
        <testcase name="EnterEntityDetails" time="785.649" classname="com.company.modelimplementations.EnterEntityDetails">
            <failure type="Not fulfilled" message="10"/>
        </testcase>
        <testcase name="CaseSearch" time="785.649" classname="com.company.modelimplementations.CaseSearch">
            <failure type="Not fulfilled" message="10"/>
        </testcase>
    </testsuite>
</testsuites>
